0 info it worked if it ends with ok
1 verbose cli [ 'C:\\Program Files\\nodejs\\node.exe',
1 verbose cli   'C:\\Program Files\\nodejs\\node_modules\\npm\\bin\\npm-cli.js',
1 verbose cli   'publish' ]
2 info using npm@3.10.3
3 info using node@v6.5.0
4 verbose publish [ '.' ]
5 silly cache add args [ '.', null ]
6 verbose cache add spec .
7 silly cache add parsed spec Result {
7 silly cache add   raw: '.',
7 silly cache add   scope: null,
7 silly cache add   escapedName: null,
7 silly cache add   name: null,
7 silly cache add   rawSpec: '.',
7 silly cache add   spec: 'C:\\dev\\knockout-spin',
7 silly cache add   type: 'directory' }
8 verbose addLocalDirectory C:\Users\Mark.DArensbourg\AppData\Roaming\npm-cache\knockout.spin\2.0.1\package.tgz not in flight; packing
9 verbose correctMkdir C:\Users\Mark.DArensbourg\AppData\Roaming\npm-cache correctMkdir not in flight; initializing
10 info lifecycle knockout.spin@2.0.1~prepublish: knockout.spin@2.0.1
11 silly lifecycle knockout.spin@2.0.1~prepublish: no script for prepublish, continuing
12 verbose tar pack [ 'C:\\Users\\Mark.DArensbourg\\AppData\\Roaming\\npm-cache\\knockout.spin\\2.0.1\\package.tgz',
12 verbose tar pack   'C:\\dev\\knockout-spin' ]
13 verbose tarball C:\Users\Mark.DArensbourg\AppData\Roaming\npm-cache\knockout.spin\2.0.1\package.tgz
14 verbose folder C:\dev\knockout-spin
15 verbose addLocalTarball adding from inside cache C:\Users\Mark.DArensbourg\AppData\Roaming\npm-cache\knockout.spin\2.0.1\package.tgz
16 verbose correctMkdir C:\Users\Mark.DArensbourg\AppData\Roaming\npm-cache correctMkdir not in flight; initializing
17 silly cache afterAdd knockout.spin@2.0.1
18 verbose afterAdd C:\Users\Mark.DArensbourg\AppData\Roaming\npm-cache\knockout.spin\2.0.1\package\package.json not in flight; writing
19 verbose correctMkdir C:\Users\Mark.DArensbourg\AppData\Roaming\npm-cache correctMkdir not in flight; initializing
20 verbose afterAdd C:\Users\Mark.DArensbourg\AppData\Roaming\npm-cache\knockout.spin\2.0.1\package\package.json written
21 silly publish { name: 'knockout.spin',
21 silly publish   version: '2.0.1',
21 silly publish   description: '> Simple knockout binding that wraps [spin.js](http://fgnass.github.io/spin.js/).',
21 silly publish   main: 'knockout.spin.js',
21 silly publish   scripts: { lint: 'eslint . --format=unix' },
21 silly publish   repository:
21 silly publish    { type: 'git',
21 silly publish      url: 'git+https://github.com/civicsource/knockout-spin.git' },
21 silly publish   author: { name: 'CivicSource' },
21 silly publish   license: 'MIT',
21 silly publish   bugs: { url: 'https://github.com/civicsource/knockout-spin/issues' },
21 silly publish   homepage: 'https://github.com/civicsource/knockout-spin#readme',
21 silly publish   peerDependencies: { knockout: '3.x' },
21 silly publish   dependencies: { jquery: '>=1.10', 'spin.js': '>=1 < 3' },
21 silly publish   readme: '# Knockout Spin Binding\r\n\r\nSimple knockout binding that wraps [spin.js](http://fgnass.github.io/spin.js/).\r\n\r\n## Installation\r\n\r\n```\r\nbower install knockout-spin\r\n```\r\n\r\nThen add `knockout.spin.js` to your project.\r\n\r\n## Usage\r\n\r\n```html\r\n<span data-bind="spinner: yourBooleanObservable, spinnerOptions: { \'top\': 0, \'left\': 0 }"></span>\r\n```\r\n',
21 silly publish   readmeFilename: 'README.md',
21 silly publish   gitHead: 'c5a77e6e747a4e512f3c8c23f44bb6a482b1c85b',
21 silly publish   _id: 'knockout.spin@2.0.1',
21 silly publish   _shasum: '88da32710d1f77083ca67910e4ebd4f1ec1ff6b8',
21 silly publish   _from: '.' }
22 verbose getPublishConfig undefined
23 silly mapToRegistry name knockout.spin
24 silly mapToRegistry using default registry
25 silly mapToRegistry registry https://registry.npmjs.org/
26 silly mapToRegistry data Result {
26 silly mapToRegistry   raw: 'knockout.spin',
26 silly mapToRegistry   scope: null,
26 silly mapToRegistry   escapedName: 'knockout.spin',
26 silly mapToRegistry   name: 'knockout.spin',
26 silly mapToRegistry   rawSpec: '',
26 silly mapToRegistry   spec: 'latest',
26 silly mapToRegistry   type: 'tag' }
27 silly mapToRegistry uri https://registry.npmjs.org/knockout.spin
28 verbose publish registryBase https://registry.npmjs.org/
29 silly publish uploading C:\Users\Mark.DArensbourg\AppData\Roaming\npm-cache\knockout.spin\2.0.1\package.tgz
30 verbose request uri https://registry.npmjs.org/knockout.spin
31 verbose request sending authorization for write operation
32 info attempt registry request try #1 at 11:04:35 AM
33 verbose request using bearer token for auth
34 verbose request id e29aba1765fc1a66
35 http request PUT https://registry.npmjs.org/knockout.spin
36 http 403 https://registry.npmjs.org/knockout.spin
37 verbose headers { 'content-type': 'application/json',
37 verbose headers   'cache-control': 'max-age=300',
37 verbose headers   'content-length': '95',
37 verbose headers   'accept-ranges': 'bytes',
37 verbose headers   date: 'Mon, 03 Oct 2016 16:04:36 GMT',
37 verbose headers   via: '1.1 varnish',
37 verbose headers   connection: 'keep-alive',
37 verbose headers   'x-served-by': 'cache-dfw1841-DFW',
37 verbose headers   'x-cache': 'MISS',
37 verbose headers   'x-cache-hits': '0',
37 verbose headers   'x-timer': 'S1475510675.971771,VS0,VE672',
37 verbose headers   vary: 'Accept-Encoding' }
38 verbose request invalidating C:\Users\Mark.DArensbourg\AppData\Roaming\npm-cache\registry.npmjs.org\knockout.spin on PUT
39 error publish Failed PUT 403
40 verbose stack Error: "You cannot publish over the previously published version 2.0.1." : knockout.spin
40 verbose stack     at makeError (C:\Program Files\nodejs\node_modules\npm\node_modules\npm-registry-client\lib\request.js:264:12)
40 verbose stack     at CachingRegistryClient.<anonymous> (C:\Program Files\nodejs\node_modules\npm\node_modules\npm-registry-client\lib\request.js:252:14)
40 verbose stack     at Request._callback (C:\Program Files\nodejs\node_modules\npm\node_modules\npm-registry-client\lib\request.js:172:14)
40 verbose stack     at Request.self.callback (C:\Program Files\nodejs\node_modules\npm\node_modules\request\request.js:200:22)
40 verbose stack     at emitTwo (events.js:106:13)
40 verbose stack     at Request.emit (events.js:191:7)
40 verbose stack     at Request.<anonymous> (C:\Program Files\nodejs\node_modules\npm\node_modules\request\request.js:1067:10)
40 verbose stack     at emitOne (events.js:101:20)
40 verbose stack     at Request.emit (events.js:188:7)
40 verbose stack     at IncomingMessage.<anonymous> (C:\Program Files\nodejs\node_modules\npm\node_modules\request\request.js:988:12)
41 verbose statusCode 403
42 verbose pkgid knockout.spin
43 verbose cwd C:\dev\knockout-spin
44 error Windows_NT 10.0.10586
45 error argv "C:\\Program Files\\nodejs\\node.exe" "C:\\Program Files\\nodejs\\node_modules\\npm\\bin\\npm-cli.js" "publish"
46 error node v6.5.0
47 error npm  v3.10.3
48 error code E403
49 error "You cannot publish over the previously published version 2.0.1." : knockout.spin
50 error If you need help, you may report this error at:
50 error     <https://github.com/npm/npm/issues>
51 verbose exit [ 1, true ]
